-------------------------------------------------------------------------------
Test set: ru.netology.PlayerTest
-------------------------------------------------------------------------------
Tests run: 1, Failures: 1, Errors: 0, Skipped: 0, Time elapsed: 0 s <<< FAILURE! - in ru.netology.PlayerTest
shouldSumGenreIfOneGame  Time elapsed: 0 s  <<< FAILURE!
org.opentest4j.AssertionFailedError: expected: <3> but was: <0>
	at ru.netology.PlayerTest.shouldSumGenreIfOneGame(PlayerTest.java:19)

