<?xml version="1.0" encoding="UTF-8"?>
<testsuite xmlns:xsi="http://www.w3.org/2001/XMLSchema-instance" xsi:noNamespaceSchemaLocation="https://maven.apache.org/surefire/maven-surefire-plugin/xsd/surefire-test-report.xsd" name="ru.netology.GameStoreTest" time="0.115" tests="12" errors="0" skipped="0" failures="0">
  <properties>
[...]
</properties>
  <testcase name="shouldAddGame" classname="ru.netology.GameStoreTest" time="0.056"/>
  <testcase name="shouldReturnFalseIfNoGame" classname="ru.netology.GameStoreTest" time="0.003"/>
  <testcase name="publishBlankGame" classname="ru.netology.GameStoreTest" time="0"/>
  <testcase name="returnNullMostPlayer" classname="ru.netology.GameStoreTest" time="0.008"/>
  <testcase name="shouldAddPlayerTime" classname="ru.netology.GameStoreTest" time="0.009"/>
  <testcase name="shouldAddPlayTimeLessThenZero" classname="ru.netology.GameStoreTest" time="0.004"/>
  <testcase name="shouldFindTheMostPlayerTime" classname="ru.netology.GameStoreTest" time="0.001"/>
  <testcase name="shouldCompareEqualPlayedTime" classname="ru.netology.GameStoreTest" time="0.001"/>
  <testcase name="shouldAddPlayerTimeOneHour" classname="ru.netology.GameStoreTest" time="0.001"/>
  <testcase name="shouldAddDuplicated" classname="ru.netology.GameStoreTest" time="0.008"/>
  <testcase name="shouldAddPlayerTimeToTime" classname="ru.netology.GameStoreTest" time="0.001"/>
  <testcase name="shouldReturnAllPlayedTimeSum" classname="ru.netology.GameStoreTest" time="0.001"/>
</testsuite>