<?xml version="1.0" encoding="UTF-8"?>
<testsuite xmlns:xsi="http://www.w3.org/2001/XMLSchema-instance" xsi:noNamespaceSchemaLocation="https://maven.apache.org/surefire/maven-surefire-plugin/xsd/surefire-test-report.xsd" name="ru.netology.GameStoreTest" time="0.114" tests="11" errors="0" skipped="0" failures="1">
  <properties>
[...]
</properties>
  <testcase name="shouldAddGame" classname="ru.netology.GameStoreTest" time="0.05"/>
  <testcase name="shouldReturnFalseIfNoGame" classname="ru.netology.GameStoreTest" time="0"/>
  <testcase name="publishBlankGame" classname="ru.netology.GameStoreTest" time="0.001"/>
  <testcase name="returnNullMostPlayer" classname="ru.netology.GameStoreTest" time="0.007"/>
  <testcase name="shouldAddPlayerTime" classname="ru.netology.GameStoreTest" time="0.003"/>
  <testcase name="shouldAddPlayerTimeLessZero" classname="ru.netology.GameStoreTest" time="0.001"/>
  <testcase name="shouldFindTheMostPlayerTime" classname="ru.netology.GameStoreTest" time="0.001"/>
  <testcase name="shouldCompareEqualPlayedTime" classname="ru.netology.GameStoreTest" time="0.022">
    <failure message="expected: &lt;Aaron, Bob&gt; but was: &lt;Aaron&gt;" type="org.opentest4j.AssertionFailedError"><![CDATA[org.opentest4j.AssertionFailedError: expected: <Aaron, Bob> but was: <Aaron>
	at ru.netology.GameStoreTest.shouldCompareEqualPlayedTime(GameStoreTest.java:157)
]]></failure>
  </testcase>
  <testcase name="shouldAddDuplicated" classname="ru.netology.GameStoreTest" time="0"/>
  <testcase name="shouldAddPlayerTimeToTime" classname="ru.netology.GameStoreTest" time="0.001"/>
  <testcase name="shouldAddPlayerTimeLessThenOneHour" classname="ru.netology.GameStoreTest" time="0"/>
</testsuite>